<?xml version="1.0" encoding="UTF-8"?>
<!-- Generated by org.testng.reporters.JUnitXMLReporter -->
<testsuite hostname="LAPTOP-7H29QR0O" failures="0" tests="4" name="Test1" time="181.443" errors="0" timestamp="8 Apr 2021 07:37:12 GMT">
  <testcase classname="paralleExecution.testClassTwo" name="test_Directory" time="20.884"/>
  <testcase classname="paralleExecution.testClassOne" name="test_Admin" time="23.476"/>
  <testcase classname="paralleExecution.testClassOne" name="test_TimeSheet" time="7.996"/>
  <testcase classname="paralleExecution.testClassTwo" name="test_Maintenance" time="13.517"/>
</testsuite> <!-- Test1 -->
